[debug] [2019-11-09T08:10:33.480Z] ----------------------------------------------------------------------
[debug] [2019-11-09T08:10:33.483Z] Command:       /usr/local/bin/node /usr/local/bin/firebase deploy
[debug] [2019-11-09T08:10:33.483Z] CLI Version:   7.3.0
[debug] [2019-11-09T08:10:33.483Z] Platform:      darwin
[debug] [2019-11-09T08:10:33.483Z] Node Version:  v10.16.2
[debug] [2019-11-09T08:10:33.485Z] Time:          Sat Nov 09 2019 17:10:33 GMT+0900 (GMT+09:00)
[debug] [2019-11-09T08:10:33.486Z] ----------------------------------------------------------------------
[debug] 
[debug] [2019-11-09T08:10:33.503Z] > command requires scopes: ["email","openid","https://www.googleapis.com/auth/cloudplatformprojects.readonly","https://www.googleapis.com/auth/firebase","https://www.googleapis.com/auth/cloud-platform"]
[debug] [2019-11-09T08:10:33.504Z] > authorizing via signed-in user
[debug] [2019-11-09T08:10:33.504Z] [iam] checking project color-world-a8c15 for permissions ["datastore.indexes.create","datastore.indexes.delete","datastore.indexes.list","datastore.indexes.update","firebase.projects.get","firebasehosting.sites.update","firebaserules.releases.create","firebaserules.releases.update","firebaserules.rulesets.create"]
[debug] [2019-11-09T08:10:33.508Z] >>> HTTP REQUEST POST https://cloudresourcemanager.googleapis.com/v1/projects/color-world-a8c15:testIamPermissions  

[debug] [2019-11-09T08:10:34.549Z] <<< HTTP RESPONSE 200
[debug] [2019-11-09T08:10:34.554Z] >>> HTTP REQUEST GET https://firebase.googleapis.com/v1beta1/projects/color-world-a8c15  
 
[debug] [2019-11-09T08:10:35.464Z] <<< HTTP RESPONSE 200
[info] 
[info] === Deploying to 'color-world-a8c15'...
[info] 
[info] i  deploying storage, firestore, hosting
[debug] [2019-11-09T08:10:35.470Z] >>> HTTP REQUEST GET https://appengine.googleapis.com/v1/apps/color-world-a8c15  
 
[debug] [2019-11-09T08:10:36.999Z] <<< HTTP RESPONSE 200
[info] i  storage: checking storage.rules for compilation errors...
[debug] [2019-11-09T08:10:37.003Z] >>> HTTP REQUEST POST https://firebaserules.googleapis.com/v1/projects/color-world-a8c15:test  

[debug] [2019-11-09T08:10:37.614Z] <<< HTTP RESPONSE 200
[info] ✔  storage: rules file storage.rules compiled successfully
[info] i  firestore: checking firestore.rules for compilation errors...
[info] i  firestore: reading indexes from firestore.indexes.json...
[debug] [2019-11-09T08:10:37.621Z] >>> HTTP REQUEST POST https://firebaserules.googleapis.com/v1/projects/color-world-a8c15:test  

[debug] [2019-11-09T08:10:39.149Z] <<< HTTP RESPONSE 200
[info] ✔  firestore: rules file firestore.rules compiled successfully
[debug] [2019-11-09T08:10:39.153Z] >>> HTTP REQUEST POST https://firebasehosting.googleapis.com/v1beta1/sites/color-world-a8c15/versions  

